Entered into script
Entered main if
Entered send_req 
Entered send_req 
Entered send_req 
Entered send_req 
Entered send_req 
Entered send_req 
entered txt if
Entered into script
Entered main if
Entered send_req 
Entered send_req 
Entered send_req 
Entered send_req 
Entered send_req 
Entered send_req 
entered txt if
Entered into script
Entered main if
Entered send_req 
Entered send_req 
Entered send_req 
Entered send_req 
Entered send_req 
Entered send_req 
entered txt if
Entered into script
Entered main if
Entered send_req 
Entered send_req 
Entered send_req 
Entered send_req 
Entered send_req 
Entered send_req 
entered txt if
Entered into script
Entered main if
Entered send_req 
Entered send_req 
Entered send_req 
Entered send_req 
Entered send_req 
Entered send_req 
entered txt if
Entered into script
Entered main if
Entered send_req 
Entered send_req 
Entered send_req 
Entered send_req 
Entered send_req 
Entered send_req 
entered txt if
printing filename girba--787e14e3bde717308b41baea10223bbc.txtEntered into script
Entered main if
Entered send_req 
Entered send_req 
Entered send_req 
Entered send_req 
Entered send_req 
Entered send_req 
entered txt if
printing filename girba--acb75084a943c9d0a764b815576a9f5c.txtEntered into script
Entered main if
Entered send_req 
Entered into script
Entered main if
Entered send_req 
Entered into script
Entered main if
Entered send_req 
Entered into script
Entered main if
Entered send_req 
Entered send_req 
Entered send_req 
Entered send_req 
Entered send_req 
Entered send_req 
Entered send_req 
Entered send_req 
Entered send_req 
Entered send_req 
Entered into script
Entered main if
Entered send_req 
Entered send_req 
Entered send_req 
Entered send_req 
Entered send_req 
Entered send_req 
Entered send_req 
Entered send_req 
Entered send_req 
Entered send_req 
Entered into script
Entered main if
Entered send_req 
Entered send_req 
Entered send_req 
Entered send_req 
Entered send_req 
Entered send_req 
Entered send_req 
Entered send_req 
Entered send_req 
Entered send_req 
Entered into script
Entered main if
Entered send_req 
Entered send_req 
Entered send_req 
Entered send_req 
Entered send_req 
Entered send_req 
Entered send_req 
Entered send_req 
Entered send_req 
Entered send_req 
Entered into script
Entered main if
Entered send_req 
Entered send_req 
Entered send_req 
Entered send_req 
Entered send_req 
Entered send_req 
Entered send_req 
Entered send_req 
Entered send_req 
Entered send_req 
Entered into script
Entered main if
Entered send_req 
Entered send_req 
Entered send_req 
Entered send_req 
Entered send_req 
Entered send_req 
Entered send_req 
Entered send_req 
Entered send_req 
Entered send_req 
Entered into script
Entered main if
Entered send_req 
Entered send_req 
Entered send_req 
Entered send_req 
Entered send_req 
Entered send_req 
Entered send_req 
Entered send_req 
Entered send_req 
Entered send_req 
Entered into script
Entered main if
Entered send_req 
Entered send_req 
Entered send_req 
Entered send_req 
Entered send_req 
Entered send_req 
Entered into script
Entered main if
Entered send_req 
Entered send_req 
Entered send_req 
Entered send_req 
Entered send_req 
Entered send_req 
Entered send_req 
Entered send_req 
Entered send_req 
Entered send_req 
Entered into script
Entered main if
Entered send_req 
Entered send_req 
Entered send_req 
Entered into script
Entered main if
Entered send_req 
Entered send_req 
Entered send_req 
Entered into script
Entered main if
Entered send_req 
Entered send_req 
Entered send_req 
Entered into script
Entered main if
Entered send_req 
Entered send_req 
Entered send_req 
Entered into script
Entered main if
Entered send_req 
Entered send_req 
Entered send_req 
Entered into script
Entered main if
Entered send_req 
Entered into script
Entered main if
Entered send_req 
Entered send_req 
Entered send_req 
Entered into script
Entered main if
Entered send_req 
Entered send_req 
Entered send_req 
Entered into script
Entered main if
Entered send_req 
Entered send_req 
Entered send_req 
Entered into script
Entered main if
Entered send_req 
Entered send_req 
Entered send_req 
Entered into script
Entered main if
Entered send_req 
Entered send_req 
Entered send_req 
Entered into script
Entered main if
Entered send_req 
Entered send_req 
Entered send_req 
Entered into script
Entered main if
Entered send_req 
Entered send_req 
Entered send_req 
Entered into script
Entered main if
Entered send_req 
Entered send_req 
Entered send_req 
Entered into script
Entered main if
Entered send_req 
Entered send_req 
Entered send_req 
Entered into script
Entered main if
Entered send_req 
Entered send_req 
Entered into script
Entered main if
Entered send_req 
Entered send_req 
Entered into script
Entered main if
Entered send_req 
Entered send_req 
Entered send_req 
Entered into script
Entered main if
Entered send_req 
Entered send_req 
Entered into script
Entered main if
Entered send_req 
Entered send_req 
Entered into script
Entered main if
Entered send_req 
Entered send_req 
Entered send_req 
Entered send_req 
Entered send_req 
Entered send_req 
Entered send_req 
Entered send_req 
Entered send_req 
Entered into script
Entered main if
Entered send_req 
Entered send_req 
Entered send_req 
Entered send_req 
Entered send_req 
Entered send_req 
Entered send_req 
Entered send_req 
Entered send_req 
entered txt if
printing filename BillGates--caf5807a43514534d87307b7aba41724.txtEntered into script
Entered main if
Entered send_req 
Entered send_req 
Entered send_req 
Entered send_req 
Entered send_req 
Entered send_req 
Entered send_req 
Entered send_req 
Entered send_req 
Entered into script
Entered main if
Entered send_req 
Entered send_req 
Entered send_req 
Entered send_req 
Entered send_req 
Entered send_req 
Entered send_req 
Entered send_req 
Entered send_req 
Entered into script
Entered main if
Entered send_req 
Entered send_req 
Entered send_req 
Entered send_req 
Entered send_req 
Entered send_req 
Entered send_req 
Entered send_req 
Entered send_req 
Entered send_req 
Entered send_req 
Entered send_req 
Entered send_req 
Entered into script
Entered main if
Entered send_req 
Entered send_req 
Entered send_req 
Entered send_req 
Entered send_req 
Entered send_req 
Entered send_req 
Entered send_req 
Entered send_req 
Entered send_req 
Entered send_req 
Entered send_req 
Entered send_req 
Entered send_req 
Entered send_req 
Entered send_req 
Entered send_req 
Entered send_req 
Entered send_req 
Entered into script
Entered main if
Entered send_req 
Entered send_req 
Entered send_req 
Entered send_req 
Entered send_req 
Entered send_req 
Entered send_req 
Entered send_req 
Entered send_req 
Entered send_req 
Entered send_req 
Entered send_req 
Entered send_req 
Entered send_req 
Entered send_req 
Entered send_req 
Entered send_req 
Entered send_req 
Entered send_req 
Entered into script
Entered main if
Entered send_req 
Entered send_req 
Entered send_req 
Entered send_req 
Entered send_req 
Entered send_req 
Entered send_req 
Entered send_req 
Entered send_req 
Entered send_req 
Entered into script
Entered main if
Entered send_req 
Entered send_req 
Entered send_req 
Entered send_req 
Entered send_req 
Entered send_req 
Entered send_req 
Entered send_req 
Entered send_req 
Entered send_req 
Entered send_req 
Entered send_req 
Entered send_req 
Entered send_req 
Entered send_req 
Entered into script
Entered main if
Entered send_req 
Entered into script
Entered main if
Entered send_req 
entered txt if
printing filename girba--2822fb58474d45357ae38553a32ac413.txtEntered into script
Entered main if
Entered send_req 
entered txt if
printing filename girba--c2123f6c708457b52c8beed750e54147.txtEntered into script
Entered main if
Entered send_req 
entered txt if
printing filename girba--6400f913e05c42bea497d1daca88374a.txtEntered into script
Entered main if
Entered send_req 
entered txt if
printing filename girba--bdf3bd7cc32ec59c3353f1893f36943b.txtEntered into script
Entered main if
Entered send_req 
entered txt if
printing filename girba--3c0a64b2394c635b3d4663adb7a1526e.txtEntered into script
Entered main if
Entered send_req 
entered txt if
printing filename girba--a01e600dfc531dade93f54e8156a6337.txtEntered into script
Entered main if
Entered send_req 
entered txt if
printing filename girba--780528d829ad77a4b67e191c2622a5bc.txt